CentOS Stream 9 - BaseOS                        8.1 kB/s | 8.9 kB     00:01    
CentOS Stream 9 - BaseOS                        3.6 MB/s | 8.6 MB     00:02    
CentOS Stream 9 - AppStream                      15 kB/s | 9.1 kB     00:00    
CentOS Stream 9 - AppStream                     6.2 MB/s |  16 MB     00:02    
CentOS Stream 9 - Extras packages                14 kB/s | 9.7 kB     00:00    
CentOS Stream 9 - Extras packages                14 kB/s |  14 kB     00:00    
Extra Packages for Enterprise Linux 9 - aarch64  60 kB/s |  29 kB     00:00    
Extra Packages for Enterprise Linux 9 - aarch64 6.1 MB/s |  19 MB     00:03    
Extra Packages for Enterprise Linux 9 - Next -   50 kB/s |  32 kB     00:00    
Extra Packages for Enterprise Linux 9 - Next -  1.3 MB/s | 1.4 MB     00:01    
Last metadata expiration check: 0:00:01 ago on Mon 25 Sep 2023 12:10:26 AM CEST.
Package curl-7.76.1-23.el9.aarch64 is already installed.
Dependencies resolved.
================================================================================
 Package        Architecture Version                          Repository   Size
================================================================================
Installing:
 net-tools      aarch64      2.0-0.62.20160912git.el9         baseos      309 k
Upgrading:
 curl           aarch64      7.76.1-26.el9                    baseos      292 k
 libcurl        aarch64      7.76.1-26.el9                    baseos      281 k

Transaction Summary
================================================================================
Install  1 Package
Upgrade  2 Packages

Total download size: 881 k
Downloading Packages:
(1/3): curl-7.76.1-26.el9.aarch64.rpm           1.6 MB/s | 292 kB     00:00    
(2/3): net-tools-2.0-0.62.20160912git.el9.aarch 1.6 MB/s | 309 kB     00:00    
(3/3): libcurl-7.76.1-26.el9.aarch64.rpm        1.4 MB/s | 281 kB     00:00    
--------------------------------------------------------------------------------
Total                                           1.3 MB/s | 881 kB     00:00     
Running transaction check
Transaction check succeeded.
Running transaction test
Transaction test succeeded.
Running transaction
  Preparing        :                                                        1/1 
  Upgrading        : libcurl-7.76.1-26.el9.aarch64                          1/5 
  Upgrading        : curl-7.76.1-26.el9.aarch64                             2/5 
  Installing       : net-tools-2.0-0.62.20160912git.el9.aarch64             3/5 
  Running scriptlet: net-tools-2.0-0.62.20160912git.el9.aarch64             3/5 
  Cleanup          : curl-7.76.1-23.el9.aarch64                             4/5 
  Cleanup          : libcurl-7.76.1-23.el9.aarch64                          5/5 
  Running scriptlet: libcurl-7.76.1-23.el9.aarch64                          5/5 
  Verifying        : net-tools-2.0-0.62.20160912git.el9.aarch64             1/5 
  Verifying        : curl-7.76.1-26.el9.aarch64                             2/5 
  Verifying        : curl-7.76.1-23.el9.aarch64                             3/5 
  Verifying        : libcurl-7.76.1-26.el9.aarch64                          4/5 
  Verifying        : libcurl-7.76.1-23.el9.aarch64                          5/5 

Upgraded:
  curl-7.76.1-26.el9.aarch64            libcurl-7.76.1-26.el9.aarch64           
Installed:
  net-tools-2.0-0.62.20160912git.el9.aarch64                                    

Complete!
  % Total    % Received % Xferd  Average Speed   Time    Time     Time  Current
                                 Dload  Upload   Total   Spent    Left  Speed
  0     0    0     0    0     0      0      0 --:--:-- --:--:-- --:--:--     0  0     0    0     0    0     0      0      0 --:--:-- --:--:-- --:--:--     0
  0 50.6M    0  239k    0     0   302k      0  0:02:51 --:--:--  0:02:51  302k 49 50.6M   49 25.0M    0     0  13.9M      0  0:00:03  0:00:01  0:00:02 24.8M100 50.6M  100 50.6M    0     0  18.2M      0  0:00:02  0:00:02 --:--:-- 25.3M
